<?xml version="1.0" encoding="UTF-8"?>
<!-- Generated by org.testng.reporters.JUnitReportReporter -->
<testsuite skipped="0" hostname="Toshiba-PC-TOSH" name="org.springframework.samples.petclinic.qa.testcases.AddOwnerPageTest" tests="3" failures="0" timestamp="27 Apr 2018 05:41:43 GMT" time="198.216" errors="0">
  <testcase name="ValidateCreateOwner" time="20.842" classname="org.springframework.samples.petclinic.qa.testcases.AddOwnerPageTest"/>
  <testcase name="ValidateCreateOwner" time="44.064" classname="org.springframework.samples.petclinic.qa.testcases.AddOwnerPageTest"/>
  <testcase name="validatetitle" time="133.310" classname="org.springframework.samples.petclinic.qa.testcases.AddOwnerPageTest"/>
</testsuite> <!-- org.springframework.samples.petclinic.qa.testcases.AddOwnerPageTest -->
