<?xml version="1.0" encoding="UTF-8"?>
<!-- Generated by org.testng.reporters.JUnitReportReporter -->
<testsuite skipped="0" hostname="Toshiba-PC-TOSH" name="org.springframework.samples.petclinic.qa.testcases.AddOwnerPageTest" tests="2" failures="0" timestamp="13 Apr 2018 11:23:31 GMT" time="95.170" errors="0">
  <testcase name="ValidateCreateOwner" time="50.981" classname="org.springframework.samples.petclinic.qa.testcases.AddOwnerPageTest"/>
  <testcase name="ValidateCreateOwner" time="44.189" classname="org.springframework.samples.petclinic.qa.testcases.AddOwnerPageTest"/>
</testsuite> <!-- org.springframework.samples.petclinic.qa.testcases.AddOwnerPageTest -->
